<?xml version="1.0" encoding="UTF-8"?>
<!-- Generated by org.testng.reporters.JUnitXMLReporter -->
<testsuite ignored="3" hostname="MSTU-PF4HAQHD" failures="0" tests="3" name="Test" time="28.468" errors="0" timestamp="2025-07-25T23:36:48 MDT">
  <testcase classname="TestScript3.NewsTest" name="verifyWhetherUserCanAddNews" time="6.998"/>
  <testcase classname="TestScript3.AdminTest" name="verifyUserIsAbleToLoginWithValidCredentials" time="5.366"/>
  <testcase classname="TestScript3.LoginTest" name="verifyUserIsAbleToLoginWithValidCredentials" time="1.833"/>
  <testcase classname="TestScript3.LoginTest" name="verifyUserIsAbleToLoginWithInValidCredentials" time="0.0">
    <ignored/>
  </testcase> <!-- verifyUserIsAbleToLoginWithInValidCredentials -->
  <testcase classname="TestScript3.LoginTest" name="verifyUserIsAbleToLoginWithInValidCredentials2" time="0.0">
    <ignored/>
  </testcase> <!-- verifyUserIsAbleToLoginWithInValidCredentials2 -->
  <testcase classname="TestScript3.LoginTest" name="verifyUserIsAbleToLoginWithInValidCredentials1" time="0.0">
    <ignored/>
  </testcase> <!-- verifyUserIsAbleToLoginWithInValidCredentials1 -->
</testsuite> <!-- Test -->
