<?xml version="1.0" encoding="UTF-8"?>
<!-- Generated by org.testng.reporters.JUnitXMLReporter -->
<testsuite ignored="3" hostname="MSTU-PF4HAQHD" failures="0" tests="1" name="Test" time="24.868" errors="0" timestamp="2025-07-22T23:29:27 MDT">
  <testcase classname="TestScript3.LoginTest" name="verifyUserIsAbleToLoginWithValidCredentials" time="6.632"/>
  <testcase classname="TestScript3.LoginTest" name="verifyUserIsAbleToLoginWithInValidCredentials" time="0.0">
    <ignored/>
  </testcase> <!-- verifyUserIsAbleToLoginWithInValidCredentials -->
  <testcase classname="TestScript3.LoginTest" name="verifyUserIsAbleToLoginWithInValidCredentials2" time="0.0">
    <ignored/>
  </testcase> <!-- verifyUserIsAbleToLoginWithInValidCredentials2 -->
  <testcase classname="TestScript3.LoginTest" name="verifyUserIsAbleToLoginWithInValidCredentials1" time="0.0">
    <ignored/>
  </testcase> <!-- verifyUserIsAbleToLoginWithInValidCredentials1 -->
</testsuite> <!-- Test -->
