<?xml version="1.0" encoding="UTF-8"?>
<testng-results ignored="3" total="6" passed="3" failed="0" skipped="0">
  <reporter-output>
  </reporter-output>
  <suite started-at="2025-07-24T23:45:33 MDT" name="Suite" finished-at="2025-07-24T23:46:31 MDT" duration-ms="57737">
    <groups>
      <group name="regression">
        <method signature="LoginTest.verifyUserIsAbleToLoginWithValidCredentials()[pri:0, instance:TestScript3.LoginTest@41488b16]" name="verifyUserIsAbleToLoginWithValidCredentials" class="TestScript3.LoginTest"/>
      </group> <!-- regression -->
    </groups>
    <test started-at="2025-07-24T23:45:33 MDT" name="Test" finished-at="2025-07-24T23:46:31 MDT" duration-ms="57737">
      <class name="TestScript3.LoginTest">
        <test-method is-config="true" signature="browserInitilization(java.lang.String)[pri:0, instance:TestScript3.LoginTest@41488b16]" started-at="2025-07-24T23:46:21 MDT" name="browserInitilization" finished-at="2025-07-24T23:46:26 MDT" duration-ms="5420" status="PASS">
          <params>
            <param index="0">
              <value>
                <![CDATA[Chrome]]>
              </value>
            </param>
          </params>
          <reporter-output>
          </reporter-output>
        </test-method> <!-- browserInitilization -->
        <test-method signature="verifyUserIsAbleToLoginWithValidCredentials()[pri:0, instance:TestScript3.LoginTest@41488b16]" started-at="2025-07-24T23:46:26 MDT" name="verifyUserIsAbleToLoginWithValidCredentials" finished-at="2025-07-24T23:46:30 MDT" duration-ms="4070" status="PASS">
          <reporter-output>
          </reporter-output>
        </test-method> <!-- verifyUserIsAbleToLoginWithValidCredentials -->
        <test-method is-config="true" signature="quitAndClose()[pri:0, instance:TestScript3.LoginTest@41488b16]" started-at="2025-07-24T23:46:30 MDT" name="quitAndClose" finished-at="2025-07-24T23:46:31 MDT" duration-ms="579" status="PASS">
          <reporter-output>
          </reporter-output>
        </test-method> <!-- quitAndClose -->
      </class> <!-- TestScript3.LoginTest -->
      <class name="TestScript3.NewsTest">
        <test-method is-config="true" signature="browserInitilization(java.lang.String)[pri:0, instance:TestScript3.NewsTest@4470fbd6]" started-at="2025-07-24T23:45:33 MDT" name="browserInitilization" finished-at="2025-07-24T23:45:47 MDT" duration-ms="14012" status="PASS">
          <params>
            <param index="0">
              <value>
                <![CDATA[Chrome]]>
              </value>
            </param>
          </params>
          <reporter-output>
          </reporter-output>
        </test-method> <!-- browserInitilization -->
        <test-method signature="verifyWhetherUserCanAddNews()[pri:0, instance:TestScript3.NewsTest@4470fbd6]" started-at="2025-07-24T23:45:47 MDT" name="verifyWhetherUserCanAddNews" finished-at="2025-07-24T23:46:00 MDT" duration-ms="12176" status="PASS">
          <reporter-output>
          </reporter-output>
        </test-method> <!-- verifyWhetherUserCanAddNews -->
        <test-method is-config="true" signature="quitAndClose()[pri:0, instance:TestScript3.NewsTest@4470fbd6]" started-at="2025-07-24T23:46:00 MDT" name="quitAndClose" finished-at="2025-07-24T23:46:03 MDT" duration-ms="2766" status="PASS">
          <reporter-output>
          </reporter-output>
        </test-method> <!-- quitAndClose -->
      </class> <!-- TestScript3.NewsTest -->
      <class name="TestScript3.AdminTest">
        <test-method is-config="true" signature="browserInitilization(java.lang.String)[pri:0, instance:TestScript3.AdminTest@68878f6d]" started-at="2025-07-24T23:46:03 MDT" name="browserInitilization" finished-at="2025-07-24T23:46:09 MDT" duration-ms="6483" status="PASS">
          <params>
            <param index="0">
              <value>
                <![CDATA[Chrome]]>
              </value>
            </param>
          </params>
          <reporter-output>
          </reporter-output>
        </test-method> <!-- browserInitilization -->
        <test-method signature="verifyUserIsAbleToLoginWithValidCredentials()[pri:0, instance:TestScript3.AdminTest@68878f6d]" started-at="2025-07-24T23:46:09 MDT" name="verifyUserIsAbleToLoginWithValidCredentials" finished-at="2025-07-24T23:46:20 MDT" duration-ms="11226" status="PASS">
          <reporter-output>
          </reporter-output>
        </test-method> <!-- verifyUserIsAbleToLoginWithValidCredentials -->
        <test-method is-config="true" signature="quitAndClose()[pri:0, instance:TestScript3.AdminTest@68878f6d]" started-at="2025-07-24T23:46:20 MDT" name="quitAndClose" finished-at="2025-07-24T23:46:21 MDT" duration-ms="707" status="PASS">
          <reporter-output>
          </reporter-output>
        </test-method> <!-- quitAndClose -->
      </class> <!-- TestScript3.AdminTest -->
    </test> <!-- Test -->
  </suite> <!-- Suite -->
</testng-results>
