<?xml version="1.0" encoding="UTF-8"?>
<!-- Generated by org.testng.reporters.JUnitXMLReporter -->
<testsuite ignored="0" hostname="MSTU-PF4HAQHD" failures="0" tests="5" name="ChromeTest" time="24.356" errors="0" timestamp="2025-07-21T23:55:41 MDT">
  <testcase classname="TestScript3.LoginTest" name="verifyUserIsAbleToLoginWithInValidCredentials" time="1.938"/>
  <testcase classname="TestScript3.LoginTest" name="verifyUserIsAbleToLoginWithInValidCredentials1" time="1.013"/>
  <testcase classname="TestScript3.NewsTest" name="verifyWhetherUserCanAddNews" time="7.818"/>
  <testcase classname="TestScript3.LoginTest" name="verifyUserIsAbleToLoginWithInValidCredentials2" time="0.753"/>
  <testcase classname="TestScript3.LoginTest" name="verifyUserIsAbleToLoginWithValidCredentials" time="1.516"/>
</testsuite> <!-- ChromeTest -->
