<?xml version="1.0" encoding="UTF-8"?>
<!-- Generated by org.testng.reporters.JUnitXMLReporter -->
<testsuite ignored="3" hostname="MSTU-PF4HAQHD" failures="0" tests="3" name="Test" time="57.737" errors="0" timestamp="2025-07-24T23:46:32 MDT">
  <testcase classname="TestScript3.NewsTest" name="verifyWhetherUserCanAddNews" time="12.176"/>
  <testcase classname="TestScript3.AdminTest" name="verifyUserIsAbleToLoginWithValidCredentials" time="11.226"/>
  <testcase classname="TestScript3.LoginTest" name="verifyUserIsAbleToLoginWithValidCredentials" time="4.07"/>
  <testcase classname="TestScript3.LoginTest" name="verifyUserIsAbleToLoginWithInValidCredentials" time="0.0">
    <ignored/>
  </testcase> <!-- verifyUserIsAbleToLoginWithInValidCredentials -->
  <testcase classname="TestScript3.LoginTest" name="verifyUserIsAbleToLoginWithInValidCredentials1" time="0.0">
    <ignored/>
  </testcase> <!-- verifyUserIsAbleToLoginWithInValidCredentials1 -->
  <testcase classname="TestScript3.LoginTest" name="verifyUserIsAbleToLoginWithInValidCredentials2" time="0.0">
    <ignored/>
  </testcase> <!-- verifyUserIsAbleToLoginWithInValidCredentials2 -->
</testsuite> <!-- Test -->
