<?xml version="1.0" encoding="UTF-8"?>
<!-- Generated by org.testng.reporters.JUnitXMLReporter -->
<testsuite ignored="0" hostname="MSTU-PF4HAQHD" failures="1" tests="1" name="Test1" time="13.894" errors="0" timestamp="2025-07-21T01:06:49 MDT">
  <testcase classname="TestScript3.NewsTest" name="verifyWhetherUserCanAddNews" time="1.337">
    <failure type="org.apache.poi.ooxml.POIXMLException" message="org.apache.poi.openxml4j.exceptions.InvalidFormatException: Package should contain a content type part [M1.13]">
      <![CDATA[org.apache.poi.ooxml.POIXMLException: org.apache.poi.openxml4j.exceptions.InvalidFormatException: Package should contain a content type part [M1.13]
at org.apache.poi.ooxml.util.PackageHelper.open(PackageHelper.java:66)
at org.apache.poi.xssf.usermodel.XSSFWorkbook.<init>(XSSFWorkbook.java:315)
at org.apache.poi.xssf.usermodel.XSSFWorkbook.<init>(XSSFWorkbook.java:289)
at utilities.Excel_Utility.getStringData(Excel_Utility.java:23)
at TestScript3.NewsTest.verifyWhetherUserCanAddNews(NewsTest.java:16)
at java.base/java.util.ArrayList.forEach(ArrayList.java:1596)
at java.base/java.util.concurrent.FutureTask.run(FutureTask.java:317)
at java.base/java.util.concurrent.ThreadPoolExecutor.runWorker(ThreadPoolExecutor.java:1144)
at java.base/java.util.concurrent.ThreadPoolExecutor$Worker.run(ThreadPoolExecutor.java:642)
at java.base/java.lang.Thread.run(Thread.java:1583)
Caused by: org.apache.poi.openxml4j.exceptions.InvalidFormatException: Package should contain a content type part [M1.13]
at org.apache.poi.openxml4j.opc.ZipPackage.getPartsImpl(ZipPackage.java:300)
at org.apache.poi.openxml4j.opc.OPCPackage.getParts(OPCPackage.java:781)
at org.apache.poi.openxml4j.opc.OPCPackage.open(OPCPackage.java:354)
at org.apache.poi.ooxml.util.PackageHelper.open(PackageHelper.java:64)
... 24 more
... Removed 15 stack frames]]>
    </failure>
  </testcase> <!-- verifyWhetherUserCanAddNews -->
</testsuite> <!-- Test1 -->
